2019/04/11 16:49:39 line47 INFO: Todays menu, in separate main functions: 2019-04-11 16:49
2019/04/13 00:49:00 line47 INFO: Todays menu, in separate main functions: 2019-04-13 00:49
2019/04/17 10:41:43 line47 INFO: Todays menu, in separate main functions: 2019-04-17 10:41
2019/04/18 13:19:25 line47 INFO: Todays menu, in separate main functions: 2019-04-18 13:19
2019/04/18 22:49:09 line47 INFO: Todays menu, in separate main functions: 2019-04-18 22:49
2019/04/18 23:12:15 line47 INFO: Todays menu, in separate main functions: 2019-04-18 23:12
2019/04/18 23:31:17 line59 INFO: Todays menu, in separate main functions: 2019-04-18 23:31
2019/04/19 11:57:07 line62 INFO: Todays menu, in separate main functions: 2019-04-19 11:57
2019/04/24 14:28:10 line62 INFO: Todays menu, in separate main functions: 2019-04-24 14:28
2019/04/25 08:09:17 line62 INFO: Todays menu, in separate main functions: 2019-04-25 08:09
2019/04/26 08:09:09 line62 INFO: Todays menu, in separate main functions: 2019-04-26 08:09
2019/04/27 08:09:10 line62 INFO: Todays menu, in separate main functions: 2019-04-27 08:09
2019/04/28 08:12:58 line62 INFO: Todays menu, in separate main functions: 2019-04-28 08:12
2019/04/29 08:09:00 line62 INFO: Todays menu, in separate main functions: 2019-04-29 08:09
2019/04/30 08:09:18 line62 INFO: Todays menu, in separate main functions: 2019-04-30 08:09
2019/05/01 08:08:44 line62 INFO: Todays menu, in separate main functions: 2019-05-01 08:08
2019/05/02 08:08:48 line62 INFO: Todays menu, in separate main functions: 2019-05-02 08:08
2019/05/03 08:08:47 line62 INFO: Todays menu, in separate main functions: 2019-05-03 08:08
2019/05/04 08:09:15 line62 INFO: Todays menu, in separate main functions: 2019-05-04 08:09
2019/05/05 08:09:18 line62 INFO: Todays menu, in separate main functions: 2019-05-05 08:09
2019/05/06 08:08:34 line62 INFO: Todays menu, in separate main functions: 2019-05-06 08:08
2019/05/09 01:38:09 line62 INFO: Todays menu, in separate main functions: 2019-05-09 01:38
2019/05/09 19:52:51 line62 INFO: Todays menu, in separate main functions: 2019-05-09 19:52
2019/05/21 20:24:13 line62 INFO: Todays menu, in separate main functions: 2019-05-21 20:24
2019/05/22 23:29:40 line62 INFO: Todays menu, in separate main functions: 2019-05-22 23:29
2019/05/28 12:54:16 line62 INFO: Todays menu, in separate main functions: 2019-05-28 12:54
2019/05/30 12:17:18 line62 INFO: Todays menu, in separate main functions: 2019-05-30 12:17
2019/05/31 23:09:53 line62 INFO: Todays menu, in separate main functions: 2019-05-31 23:09
2019/06/01 08:09:47 line62 INFO: Todays menu, in separate main functions: 2019-06-01 08:09
2019/06/05 12:22:46 line62 INFO: Todays menu, in separate main functions: 2019-06-05 12:22
2019/06/07 22:22:47 line62 INFO: Todays menu, in separate main functions: 2019-06-07 22:22
2019/06/13 13:39:54 line62 INFO: Todays menu, in separate main functions: 2019-06-13 13:39
2019/06/15 08:36:52 line62 INFO: Todays menu, in separate main functions: 2019-06-15 08:36
2019/06/16 13:23:49 line62 INFO: Todays menu, in separate main functions: 2019-06-16 13:23
2019/06/17 13:35:42 line62 INFO: Todays menu, in separate main functions: 2019-06-17 13:35
2019/06/18 09:34:28 line62 INFO: Todays menu, in separate main functions: 2019-06-18 09:34
2019/06/19 09:20:42 line62 INFO: Todays menu, in separate main functions: 2019-06-19 09:20
2019/06/20 10:08:03 line62 INFO: Todays menu, in separate main functions: 2019-06-20 10:08
2019/06/21 09:10:19 line62 INFO: Todays menu, in separate main functions: 2019-06-21 09:10
2019/06/22 13:08:18 line62 INFO: Todays menu, in separate main functions: 2019-06-22 13:08
2019/06/23 13:12:04 line62 INFO: Todays menu, in separate main functions: 2019-06-23 13:12
2019/06/24 12:36:15 line62 INFO: Todays menu, in separate main functions: 2019-06-24 12:36
2019/06/28 20:46:58 line62 INFO: Todays menu, in separate main functions: 2019-06-28 20:46
2019/06/30 19:41:42 line62 INFO: Todays menu, in separate main functions: 2019-06-30 19:41
2019/07/01 19:55:13 line62 INFO: Todays menu, in separate main functions: 2019-07-01 19:55
2019/07/03 10:37:18 line62 INFO: Todays menu, in separate main functions: 2019-07-03 10:37
2019/07/04 11:17:07 line62 INFO: Todays menu, in separate main functions: 2019-07-04 11:17
2019/07/05 15:38:59 line62 INFO: Todays menu, in separate main functions: 2019-07-05 15:38
2019/07/06 23:48:35 line62 INFO: Todays menu, in separate main functions: 2019-07-06 23:48
2019/07/07 13:08:13 line62 INFO: Todays menu, in separate main functions: 2019-07-07 13:08
2019/07/08 22:09:28 line62 INFO: Todays menu, in separate main functions: 2019-07-08 22:09
2019/07/09 20:34:38 line62 INFO: Todays menu, in separate main functions: 2019-07-09 20:34
2019/07/10 22:28:06 line62 INFO: Todays menu, in separate main functions: 2019-07-10 22:28
2019/07/13 11:07:48 line62 INFO: Todays menu, in separate main functions: 2019-07-13 11:07
2019/07/14 14:33:19 line62 INFO: Todays menu, in separate main functions: 2019-07-14 14:33
2019/07/18 01:03:50 line62 INFO: Todays menu, in separate main functions: 2019-07-18 01:03
2019/07/20 17:42:07 line62 INFO: Todays menu, in separate main functions: 2019-07-20 17:42
2019/07/22 20:28:28 line62 INFO: Todays menu, in separate main functions: 2019-07-22 20:28
2019/07/26 21:56:10 line62 INFO: Todays menu, in separate main functions: 2019-07-26 21:56
2019/07/30 20:46:22 line62 INFO: Todays menu, in separate main functions: 2019-07-30 20:46
2019/08/02 14:45:48 line62 INFO: Todays menu, in separate main functions: 2019-08-02 14:45
2019/08/09 16:54:01 line62 INFO: Todays menu, in separate main functions: 2019-08-09 16:54
2019/08/10 10:30:39 line62 INFO: Todays menu, in separate main functions: 2019-08-10 10:30
2019/08/17 19:00:08 line62 INFO: Todays menu, in separate main functions: 2019-08-17 19:00
2019/08/18 23:44:06 line62 INFO: Todays menu, in separate main functions: 2019-08-18 23:44
2019/08/19 09:58:47 line62 INFO: Todays menu, in separate main functions: 2019-08-19 09:58
2019/08/21 10:35:39 line62 INFO: Todays menu, in separate main functions: 2019-08-21 10:35
2019/08/24 12:44:07 line62 INFO: Todays menu, in separate main functions: 2019-08-24 12:44
2019/08/25 23:39:06 line62 INFO: Todays menu, in separate main functions: 2019-08-25 23:39
2019/08/26 10:33:01 line62 INFO: Todays menu, in separate main functions: 2019-08-26 10:33
2019/08/27 12:12:29 line62 INFO: Todays menu, in separate main functions: 2019-08-27 12:12
2019/08/28 10:10:09 line62 INFO: Todays menu, in separate main functions: 2019-08-28 10:10
2019/08/29 10:59:34 line62 INFO: Todays menu, in separate main functions: 2019-08-29 10:59
2019/08/30 08:12:15 line62 INFO: Todays menu, in separate main functions: 2019-08-30 08:12
2019/08/31 09:58:42 line62 INFO: Todays menu, in separate main functions: 2019-08-31 09:58
2019/09/01 18:59:41 line62 INFO: Todays menu, in separate main functions: 2019-09-01 18:59
2019/09/02 10:38:04 line62 INFO: Todays menu, in separate main functions: 2019-09-02 10:38
2019/09/03 10:10:27 line62 INFO: Todays menu, in separate main functions: 2019-09-03 10:10
2019/09/10 11:05:58 line62 INFO: Todays menu, in separate main functions: 2019-09-10 11:05
2019/09/11 21:56:22 line62 INFO: Todays menu, in separate main functions: 2019-09-11 21:56
2019/09/11 22:30:28 line45 INFO: Custom logger creation is working!
2019/09/11 22:42:53 line64 INFO: Todays menu, in separate main functions: 2019-09-11 22:42
2020/06/28 16:58:56 line63 INFO: Today's menu, in separate main functions: 2020-06-28 16:58
2020/06/28 17:41:42 line63 INFO: Today's menu, in separate main functions: 2020-06-28 17:41
2020/07/03 08:18:21 line63 INFO: Today's menu, in separate main functions: 2020-07-03 08:18
2023/12/08 21:00:19 line60 INFO: Today's menu, in separate main functions: 2023-12-08 21:00
2024/01/02 19:46:31 line60 INFO: Today's menu, in separate main functions: 2024-01-02 19:46
2024/01/02 20:22:13 line60 INFO: Today's menu, in separate main functions: 2024-01-02 20:22
2024/01/02 20:28:54 line60 INFO: Today's menu, in separate main functions: 2024-01-02 20:28
2024/01/03 19:22:43 line61 INFO: Today's menu, in separate main functions: 2024-01-03 19:22
2024/01/03 19:24:40 line60 INFO: Today's menu, in separate main functions: 2024-01-03 19:24
2024/01/03 19:30:29 line60 INFO: Today's menu, in separate main functions: 2024-01-03 19:30
2024/01/03 19:34:34 line58 INFO: Today's menu, in separate main functions: 2024-01-03 19:34
2024/01/03 19:45:20 line58 INFO: Today's menu, in separate main functions: 2024-01-03 19:45
2024/01/03 20:08:32 line58 INFO: Today's menu, in separate main functions: 2024-01-03 20:08
2024/01/03 22:20:41 line58 INFO: Today's menu, in separate main functions: 2024-01-03 22:20
2024/01/06 00:13:45 line62 INFO: Today's menu, in separate main functions: 2024-01-06 00:13
2024/01/06 01:04:25 line62 INFO: Today's menu, in separate main functions: 2024-01-06 01:04
2024/01/16 08:36:10 line62 INFO: Today's menu, in separate main functions: 2024-01-16 08:36
2024/01/17 20:28:05 line62 INFO: Today's menu, in separate main functions: 2024-01-17 20:28
2024/01/18 20:23:27 line62 INFO: Today's menu, in separate main functions: 2024-01-18 20:23
2024/01/19 08:31:36 line62 INFO: Today's menu, in separate main functions: 2024-01-19 08:31
2024/01/20 08:36:17 line62 INFO: Today's menu, in separate main functions: 2024-01-20 08:36
2024/01/21 08:28:35 line62 INFO: Today's menu, in separate main functions: 2024-01-21 08:28
2024/01/22 08:29:38 line62 INFO: Today's menu, in separate main functions: 2024-01-22 08:29
2024/01/26 07:29:45 line62 INFO: Today's menu, in separate main functions: 2024-01-26 07:29
2024/01/29 09:49:26 line62 INFO: Today's menu, in separate main functions: 2024-01-29 09:49
2024/02/09 11:36:52 line62 INFO: Today's menu, in separate main functions: 2024-02-09 11:36
2024/02/10 07:30:16 line62 INFO: Today's menu, in separate main functions: 2024-02-10 07:30
2024/02/11 07:44:43 line62 INFO: Today's menu, in separate main functions: 2024-02-11 07:44
2024/02/13 07:29:38 line62 INFO: Today's menu, in separate main functions: 2024-02-13 07:29
2024/02/14 07:40:08 line62 INFO: Today's menu, in separate main functions: 2024-02-14 07:40
2024/02/15 22:13:10 line62 INFO: Today's menu, in separate main functions: 2024-02-15 22:13
2024/02/18 07:28:09 line62 INFO: Today's menu, in separate main functions: 2024-02-18 07:28
2024/02/19 07:37:39 line62 INFO: Today's menu, in separate main functions: 2024-02-19 07:37
2024/02/20 07:36:35 line62 INFO: Today's menu, in separate main functions: 2024-02-20 07:36
2024/02/21 07:36:38 line62 INFO: Today's menu, in separate main functions: 2024-02-21 07:36
2024/02/24 07:36:55 line62 INFO: Today's menu, in separate main functions: 2024-02-24 07:36
2024/02/27 07:38:04 line62 INFO: Today's menu, in separate main functions: 2024-02-27 07:38
2024/03/01 07:31:16 line62 INFO: Today's menu, in separate main functions: 2024-03-01 07:31
2024/03/03 07:33:39 line62 INFO: Today's menu, in separate main functions: 2024-03-03 07:33
2024/03/04 07:30:03 line62 INFO: Today's menu, in separate main functions: 2024-03-04 07:30
2024/03/13 11:46:07 line63 INFO: Today's menu, in separate main functions: 2024-03-13 11:46
2024/03/14 07:21:16 line63 INFO: Today's menu, in separate main functions: 2024-03-14 07:21
2024/04/28 07:23:33 line61 INFO: Today's menu, in separate main functions: 2024-04-28 07:23
2024/04/30 07:24:52 line61 INFO: Today's menu, in separate main functions: 2024-04-30 07:24
2024/05/01 07:32:06 line61 INFO: Today's menu, in separate main functions: 2024-05-01 07:32
2024/05/03 07:36:19 line61 INFO: Today's menu, in separate main functions: 2024-05-03 07:36
2024/05/04 07:28:36 line61 INFO: Today's menu, in separate main functions: 2024-05-04 07:28
2024/05/05 07:27:53 line61 INFO: Today's menu, in separate main functions: 2024-05-05 07:27
2024/05/07 07:37:44 line61 INFO: Today's menu, in separate main functions: 2024-05-07 07:37
2024/05/08 07:27:04 line61 INFO: Today's menu, in separate main functions: 2024-05-08 07:27
2024/05/10 20:01:49 line61 INFO: Today's menu, in separate main functions: 2024-05-10 20:01
2024/05/11 07:32:07 line61 INFO: Today's menu, in separate main functions: 2024-05-11 07:32
2024/05/12 07:25:32 line61 INFO: Today's menu, in separate main functions: 2024-05-12 07:25
2024/05/13 07:09:41 line54 INFO: Scraping initiated
2024/05/13 07:09:41 line56 INFO: Spyder 1 start
2024/05/13 07:09:50 line60 INFO: Spyder 1 end: duration = 9.518237829208374
2024/05/13 07:09:50 line62 INFO: Spyder 2 start
2024/05/13 07:28:44 line66 INFO: Spyder 2 end: duration = 1133.9504747390747
2024/05/13 07:28:44 line68 INFO: Spyder 3 start
2024/05/13 07:33:30 line72 INFO: Spyder 3 end: duration = 285.3876690864563
2024/05/14 07:02:07 line54 INFO: Scraping initiated
2024/05/14 07:02:07 line56 INFO: Spyder 1 start
2024/05/14 07:02:13 line60 INFO: Spyder 1 end: duration = 6.138676404953003
2024/05/14 07:02:13 line62 INFO: Spyder 2 start
2024/05/14 07:20:26 line66 INFO: Spyder 2 end: duration = 1093.0887989997864
2024/05/14 07:20:26 line68 INFO: Spyder 3 start
2024/05/14 07:24:59 line72 INFO: Spyder 3 end: duration = 272.7426211833954
2024/05/15 21:17:22 line54 INFO: Scraping initiated
2024/05/15 21:17:22 line56 INFO: Spyder 1 start
2024/05/15 21:17:28 line60 INFO: Spyder 1 end: duration = 5.999509334564209
2024/05/15 21:17:28 line62 INFO: Spyder 2 start
2024/05/15 21:34:40 line66 INFO: Spyder 2 end: duration = 1031.8659002780914
2024/05/15 21:34:40 line68 INFO: Spyder 3 start
2024/05/15 21:38:23 line72 INFO: Spyder 3 end: duration = 223.5292673110962
2024/05/16 19:30:01 line54 INFO: Scraping initiated
2024/05/16 19:30:01 line56 INFO: Spyder 1 start
2024/05/16 19:30:13 line60 INFO: Spyder 1 end: duration = 11.65955901145935
2024/05/16 19:30:13 line62 INFO: Spyder 2 start
2024/05/16 19:55:42 line66 INFO: Spyder 2 end: duration = 1528.9290499687195
2024/05/16 19:55:42 line68 INFO: Spyder 3 start
2024/05/16 19:59:31 line72 INFO: Spyder 3 end: duration = 229.07242035865784
2024/05/17 07:11:02 line54 INFO: Scraping initiated
2024/05/17 07:11:02 line56 INFO: Spyder 1 start
2024/05/18 07:00:09 line54 INFO: Scraping initiated
2024/05/18 07:00:09 line56 INFO: Spyder 1 start
2024/05/18 07:00:14 line60 INFO: Spyder 1 end: duration = 5.169968128204346
2024/05/18 07:00:14 line62 INFO: Spyder 2 start
2024/05/18 07:19:25 line66 INFO: Spyder 2 end: duration = 1151.2562472820282
2024/05/18 07:19:25 line68 INFO: Spyder 3 start
2024/05/18 07:24:14 line72 INFO: Spyder 3 end: duration = 288.85935974121094
2024/05/19 07:00:16 line54 INFO: Scraping initiated
2024/05/19 07:00:16 line56 INFO: Spyder 1 start
2024/05/19 07:00:21 line60 INFO: Spyder 1 end: duration = 5.247950077056885
2024/05/19 07:00:21 line62 INFO: Spyder 2 start
2024/05/19 07:18:30 line66 INFO: Spyder 2 end: duration = 1088.4391434192657
2024/05/19 07:18:30 line68 INFO: Spyder 3 start
2024/05/19 07:23:28 line72 INFO: Spyder 3 end: duration = 297.82884764671326
2024/05/20 07:00:11 line54 INFO: Scraping initiated
2024/05/20 07:00:11 line56 INFO: Spyder 1 start
2024/05/20 07:00:16 line60 INFO: Spyder 1 end: duration = 5.031321287155151
2024/05/20 07:00:16 line62 INFO: Spyder 2 start
2024/05/20 07:20:12 line66 INFO: Spyder 2 end: duration = 1196.4338941574097
2024/05/20 07:20:12 line68 INFO: Spyder 3 start
2024/05/20 07:24:43 line72 INFO: Spyder 3 end: duration = 271.0601305961609
2024/05/21 07:00:16 line54 INFO: Scraping initiated
2024/05/21 07:00:16 line56 INFO: Spyder 1 start
2024/05/21 07:00:23 line60 INFO: Spyder 1 end: duration = 6.047998666763306
2024/05/21 07:00:23 line62 INFO: Spyder 2 start
2024/05/21 07:19:46 line66 INFO: Spyder 2 end: duration = 1163.828953742981
2024/05/21 07:19:46 line68 INFO: Spyder 3 start
2024/05/21 07:24:33 line72 INFO: Spyder 3 end: duration = 286.344233751297
2024/05/22 07:01:04 line54 INFO: Scraping initiated
2024/05/22 07:01:04 line56 INFO: Spyder 1 start
2024/05/22 07:01:10 line60 INFO: Spyder 1 end: duration = 5.300527334213257
2024/05/22 07:01:10 line62 INFO: Spyder 2 start
2024/05/22 07:19:54 line66 INFO: Spyder 2 end: duration = 1124.3788969516754
2024/05/22 07:19:54 line68 INFO: Spyder 3 start
2024/05/22 07:24:49 line72 INFO: Spyder 3 end: duration = 294.9385435581207
2024/05/23 07:01:33 line54 INFO: Scraping initiated
2024/05/23 07:01:33 line56 INFO: Spyder 1 start
2024/05/23 07:01:38 line60 INFO: Spyder 1 end: duration = 4.776581048965454
2024/05/23 07:01:38 line62 INFO: Spyder 2 start
2024/05/23 07:20:47 line66 INFO: Spyder 2 end: duration = 1148.8766510486603
2024/05/23 07:20:47 line68 INFO: Spyder 3 start
2024/05/23 07:25:05 line72 INFO: Spyder 3 end: duration = 257.83049988746643
2024/05/24 07:03:06 line54 INFO: Scraping initiated
2024/05/24 07:03:06 line56 INFO: Spyder 1 start
2024/05/24 07:03:11 line60 INFO: Spyder 1 end: duration = 4.98380184173584
2024/05/24 07:03:11 line62 INFO: Spyder 2 start
2024/05/24 07:21:13 line66 INFO: Spyder 2 end: duration = 1082.1428983211517
2024/05/24 07:21:13 line68 INFO: Spyder 3 start
2024/05/24 07:26:01 line72 INFO: Spyder 3 end: duration = 288.59270572662354
2024/05/25 07:02:24 line54 INFO: Scraping initiated
2024/05/25 07:02:24 line56 INFO: Spyder 1 start
2024/05/25 07:02:29 line60 INFO: Spyder 1 end: duration = 5.12609076499939
2024/05/25 07:02:29 line62 INFO: Spyder 2 start
2024/05/25 07:20:06 line66 INFO: Spyder 2 end: duration = 1056.0770592689514
2024/05/25 07:20:06 line68 INFO: Spyder 3 start
2024/05/25 07:24:46 line72 INFO: Spyder 3 end: duration = 280.8576080799103
2024/05/26 07:02:04 line54 INFO: Scraping initiated
2024/05/26 07:02:04 line56 INFO: Spyder 1 start
2024/05/26 07:02:09 line60 INFO: Spyder 1 end: duration = 4.8659327030181885
2024/05/26 07:02:09 line62 INFO: Spyder 2 start
2024/05/26 07:20:38 line66 INFO: Spyder 2 end: duration = 1108.7371084690094
2024/05/26 07:20:38 line68 INFO: Spyder 3 start
2024/05/26 07:26:00 line72 INFO: Spyder 3 end: duration = 322.1526999473572
2024/05/26 16:26:41 line54 INFO: Scraping initiated
2024/05/26 16:26:41 line56 INFO: Spyder 1 start
2024/05/26 16:26:45 line60 INFO: Spyder 1 end: duration = 4.007451772689819
2024/05/26 16:26:45 line62 INFO: Spyder 2 start
2024/05/26 16:44:21 line66 INFO: Spyder 2 end: duration = 1055.8410840034485
2024/05/26 16:44:21 line68 INFO: Spyder 3 start
2024/05/26 19:36:07 line54 INFO: Scraping initiated
2024/05/26 19:36:07 line56 INFO: Spyder 1 start
2024/05/26 19:36:13 line60 INFO: Spyder 1 end: duration = 5.574926137924194
2024/05/26 19:36:13 line62 INFO: Spyder 2 start
2024/05/26 19:55:08 line66 INFO: Spyder 2 end: duration = 1135.3456366062164
2024/05/26 19:55:08 line68 INFO: Spyder 3 start
2024/05/26 20:00:31 line72 INFO: Spyder 3 end: duration = 322.54348587989807
2024/05/29 23:01:45 line54 INFO: Scraping initiated
2024/05/29 23:01:45 line56 INFO: Spyder 1 start
2024/05/29 23:02:00 line60 INFO: Spyder 1 end: duration = 15.193436861038208
2024/05/29 23:02:00 line62 INFO: Spyder 2 start
2024/05/29 23:35:05 line66 INFO: Spyder 2 end: duration = 1984.757161617279
2024/05/29 23:35:05 line68 INFO: Spyder 3 start
2024/05/29 23:40:05 line72 INFO: Spyder 3 end: duration = 300.63921570777893
2024/05/30 20:21:51 line56 INFO: Spyder 1 start
2024/05/30 20:21:58 line60 INFO: Spyder 1 end: duration = 6.697835922241211
2024/05/30 20:21:58 line62 INFO: Spyder 2 start
2024/05/30 20:43:32 line66 INFO: Spyder 2 end: duration = 1293.8606326580048
2024/05/30 20:43:32 line68 INFO: Spyder 3 start
2024/05/30 20:48:55 line72 INFO: Spyder 3 end: duration = 322.9098160266876
2024/06/03 21:26:42 line56 INFO: Spyder 1 start
2024/06/03 21:26:47 line64 INFO: Spyder 1 end: duration = 4 seconds
2024/06/03 21:26:47 line66 INFO: Spyder 2 start
2024/06/03 21:34:48 line56 INFO: Spyder 1 start
2024/06/03 21:34:51 line64 INFO: Spyder 1 end: duration = 3 seconds
2024/06/03 21:34:51 line66 INFO: Spyder 2 start
2024/06/03 21:55:50 line73 INFO: Spyder 2 end: duration = 1259 seconds
2024/06/03 21:55:50 line75 INFO: Spyder 3 start
2024/06/03 21:59:43 line56 INFO: Spyder 1 start
2024/06/03 21:59:46 line64 INFO: Spyder 1 end: duration = 3 seconds
2024/06/03 21:59:46 line66 INFO: Spyder 2 start
2024/06/03 22:22:10 line72 INFO: Spyder 2 end: duration = 22 minutes
2024/06/03 22:22:10 line76 INFO: Spyder 3 start
2024/06/03 22:26:47 line82 INFO: Spyder 3 end: duration = 4 minutes
2024/06/03 22:39:06 line56 INFO: Spyder 1 start
2024/06/03 22:39:09 line64 INFO: Spyder 1 end: duration = 3 seconds
2024/06/05 07:09:56 line56 INFO: Spyder 1 start
2024/06/14 19:48:35 line56 INFO: Spyder 1 start
2024/06/14 19:48:44 line64 INFO: Spyder 1 end: duration = 9 seconds
2024/06/15 21:16:57 line56 INFO: Spyder 1 start
2024/06/15 21:17:09 line64 INFO: Spyder 1 end: duration = 11 seconds
2024/06/16 07:02:23 line56 INFO: Spyder 1 start
2024/06/16 07:02:29 line64 INFO: Spyder 1 end: duration = 5 seconds
2024/06/17 07:00:24 line56 INFO: Spyder 1 start
2024/06/17 07:00:29 line64 INFO: Spyder 1 end: duration = 5 seconds
2024/06/18 07:00:12 line56 INFO: Spyder 1 start
2024/06/18 07:00:18 line64 INFO: Spyder 1 end: duration = 5 seconds
2024/06/19 07:00:15 line56 INFO: Spyder 1 start
2024/06/19 07:00:20 line64 INFO: Spyder 1 end: duration = 5 seconds
2024/06/20 07:00:15 line56 INFO: Spyder 1 start
2024/06/20 07:00:20 line64 INFO: Spyder 1 end: duration = 5 seconds
2024/06/21 07:02:27 line56 INFO: Spyder 1 start
2024/06/21 07:02:32 line64 INFO: Spyder 1 end: duration = 5 seconds
2024/06/22 07:02:28 line56 INFO: Spyder 1 start
2024/06/22 07:02:33 line64 INFO: Spyder 1 end: duration = 4 seconds
2024/06/23 07:00:14 line56 INFO: Spyder 1 start
2024/06/23 07:00:19 line64 INFO: Spyder 1 end: duration = 5 seconds
